{
  "RSpec": {
    "coverage": {
      "/home/qi27/workspace/toy_robot_simulator/app/models/commander.rb": [
        1,
        1,
        null,
        1,
        11,
        11,
        null,
        null,
        null,
        null,
        1,
        19,
        10,
        null,
        10,
        9,
        2,
        7,
        2,
        5,
        2,
        3,
        2,
        null,
        1,
        null,
        null,
        null
      ],
      "/home/qi27/workspace/toy_robot_simulator/app/models/position.rb": [
        1,
        1,
        null,
        1,
        null,
        1,
        65,
        65,
        65,
        null,
        null,
        null,
        1,
        10,
        null,
        4,
        null,
        2,
        null,
        2,
        null,
        2,
        null,
        null,
        null,
        null,
        null,
        1,
        9,
        null,
        null,
        null,
        null,
        1,
        9,
        null,
        null,
        1,
        1,
        4,
        null,
        null,
        1,
        2,
        null,
        null,
        1,
        2,
        null,
        null,
        1,
        2,
        null,
        null
      ],
      "/home/qi27/workspace/toy_robot_simulator/app/models/robot.rb": [
        1,
        null,
        1,
        null,
        1,
        33,
        null,
        null,
        1,
        24,
        null,
        null,
        1,
        26,
        25,
        null,
        1,
        null,
        null,
        null,
        1,
        6,
        5,
        null,
        null,
        null,
        1,
        null,
        null,
        null,
        1,
        6,
        5,
        null,
        null,
        null,
        1,
        null,
        null,
        null,
        1,
        7,
        6,
        6,
        5,
        null,
        1,
        null,
        null,
        1,
        null,
        null,
        null,
        1,
        3,
        1,
        null,
        2,
        null,
        null,
        null,
        null
      ],
      "/home/qi27/workspace/toy_robot_simulator/app/models/table.rb": [
        1,
        1,
        null,
        1,
        32,
        32,
        null,
        null,
        null,
        1,
        null,
        37,
        null,
        null,
        null,
        null
      ]
    },
    "timestamp": 1551769499
  }
}
